This is XeTeX, Version 3.14159265-2.6-0.99999 (TeX Live 2018) (preloaded format=xelatex 2019.4.9)  10 MAY 2019 12:47
entering extended mode
 restricted \write18 enabled.
 %&-line parsing enabled.
**lecture.tex
(./lecture.tex
LaTeX2e <2018-04-01> patch level 2
Babel <3.18> and hyphenation patterns for 84 language(s) loaded.
(/usr/local/texlive/2018/texmf-dist/tex/latex/base/book.cls
Document Class: book 2014/09/29 v1.4h Standard LaTeX document class
(/usr/local/texlive/2018/texmf-dist/tex/latex/base/bk10.clo
File: bk10.clo 2014/09/29 v1.4h Standard LaTeX file (size option)
)
\c@part=\count80
\c@chapter=\count81
\c@section=\count82
\c@subsection=\count83
\c@subsubsection=\count84
\c@paragraph=\count85
\c@subparagraph=\count86
\c@figure=\count87
\c@table=\count88
\abovecaptionskip=\skip41
\belowcaptionskip=\skip42
\bibindent=\dimen102
) (/usr/local/texlive/2018/texmf-dist/tex/latex/lm/lmodern.sty
Package: lmodern 2009/10/30 v1.6 Latin Modern Fonts
LaTeX Font Info:    Overwriting symbol font `operators' in version `normal'
(Font)                  OT1/cmr/m/n --> OT1/lmr/m/n on input line 22.
LaTeX Font Info:    Overwriting symbol font `letters' in version `normal'
(Font)                  OML/cmm/m/it --> OML/lmm/m/it on input line 23.
LaTeX Font Info:    Overwriting symbol font `symbols' in version `normal'
(Font)                  OMS/cmsy/m/n --> OMS/lmsy/m/n on input line 24.
LaTeX Font Info:    Overwriting symbol font `largesymbols' in version `normal'
(Font)                  OMX/cmex/m/n --> OMX/lmex/m/n on input line 25.
LaTeX Font Info:    Overwriting symbol font `operators' in version `bold'
(Font)                  OT1/cmr/bx/n --> OT1/lmr/bx/n on input line 26.
LaTeX Font Info:    Overwriting symbol font `letters' in version `bold'
(Font)                  OML/cmm/b/it --> OML/lmm/b/it on input line 27.
LaTeX Font Info:    Overwriting symbol font `symbols' in version `bold'
(Font)                  OMS/cmsy/b/n --> OMS/lmsy/b/n on input line 28.
LaTeX Font Info:    Overwriting symbol font `largesymbols' in version `bold'
(Font)                  OMX/cmex/m/n --> OMX/lmex/m/n on input line 29.
LaTeX Font Info:    Overwriting math alphabet `\mathbf' in version `normal'
(Font)                  OT1/cmr/bx/n --> OT1/lmr/bx/n on input line 31.
LaTeX Font Info:    Overwriting math alphabet `\mathsf' in version `normal'
(Font)                  OT1/cmss/m/n --> OT1/lmss/m/n on input line 32.
LaTeX Font Info:    Overwriting math alphabet `\mathit' in version `normal'
(Font)                  OT1/cmr/m/it --> OT1/lmr/m/it on input line 33.
LaTeX Font Info:    Overwriting math alphabet `\mathtt' in version `normal'
(Font)                  OT1/cmtt/m/n --> OT1/lmtt/m/n on input line 34.
LaTeX Font Info:    Overwriting math alphabet `\mathbf' in version `bold'
(Font)                  OT1/cmr/bx/n --> OT1/lmr/bx/n on input line 35.
LaTeX Font Info:    Overwriting math alphabet `\mathsf' in version `bold'
(Font)                  OT1/cmss/bx/n --> OT1/lmss/bx/n on input line 36.
LaTeX Font Info:    Overwriting math alphabet `\mathit' in version `bold'
(Font)                  OT1/cmr/bx/it --> OT1/lmr/bx/it on input line 37.
LaTeX Font Info:    Overwriting math alphabet `\mathtt' in version `bold'
(Font)                  OT1/cmtt/m/n --> OT1/lmtt/m/n on input line 38.
) (/usr/local/texlive/2018/texmf-dist/tex/latex/amsfonts/amssymb.sty
Package: amssymb 2013/01/14 v3.01 AMS font symbols
(/usr/local/texlive/2018/texmf-dist/tex/latex/amsfonts/amsfonts.sty
Package: amsfonts 2013/01/14 v3.01 Basic AMSFonts support
\@emptytoks=\toks14
\symAMSa=\mathgroup4
\symAMSb=\mathgroup5
LaTeX Font Info:    Overwriting math alphabet `\mathfrak' in version `bold'
(Font)                  U/euf/m/n --> U/euf/b/n on input line 106.
)) (/usr/local/texlive/2018/texmf-dist/tex/latex/amsmath/amsmath.sty
Package: amsmath 2017/09/02 v2.17a AMS math features
\@mathmargin=\skip43
For additional information on amsmath, use the `?' option.
(/usr/local/texlive/2018/texmf-dist/tex/latex/amsmath/amstext.sty
Package: amstext 2000/06/29 v2.01 AMS text
(/usr/local/texlive/2018/texmf-dist/tex/latex/amsmath/amsgen.sty
File: amsgen.sty 1999/11/30 v2.0 generic functions
\@emptytoks=\toks15
\ex@=\dimen103
)) (/usr/local/texlive/2018/texmf-dist/tex/latex/amsmath/amsbsy.sty
Package: amsbsy 1999/11/29 v1.2d Bold Symbols
\pmbraise@=\dimen104
) (/usr/local/texlive/2018/texmf-dist/tex/latex/amsmath/amsopn.sty
Package: amsopn 2016/03/08 v2.02 operator names
)
\inf@bad=\count89
LaTeX Info: Redefining \frac on input line 213.
\uproot@=\count90
\leftroot@=\count91
LaTeX Info: Redefining \overline on input line 375.
\classnum@=\count92
\DOTSCASE@=\count93
LaTeX Info: Redefining \ldots on input line 472.
LaTeX Info: Redefining \dots on input line 475.
LaTeX Info: Redefining \cdots on input line 596.
\Mathstrutbox@=\box26
\strutbox@=\box27
\big@size=\dimen105
LaTeX Font Info:    Redeclaring font encoding OML on input line 712.
LaTeX Font Info:    Redeclaring font encoding OMS on input line 713.
\macc@depth=\count94
\c@MaxMatrixCols=\count95
\dotsspace@=\muskip10
\c@parentequation=\count96
\dspbrk@lvl=\count97
\tag@help=\toks16
\row@=\count98
\column@=\count99
\maxfields@=\count100
\andhelp@=\toks17
\eqnshift@=\dimen106
\alignsep@=\dimen107
\tagshift@=\dimen108
\tagwidth@=\dimen109
\totwidth@=\dimen110
\lineht@=\dimen111
\@envbody=\toks18
\multlinegap=\skip44
\multlinetaggap=\skip45
\mathdisplay@stack=\toks19
LaTeX Info: Redefining \[ on input line 2817.
LaTeX Info: Redefining \] on input line 2818.
) (/usr/local/texlive/2018/texmf-dist/tex/generic/ifxetex/ifxetex.sty
Package: ifxetex 2010/09/12 v0.6 Provides ifxetex conditional
) (/usr/local/texlive/2018/texmf-dist/tex/generic/oberdiek/ifluatex.sty
Package: ifluatex 2016/05/16 v1.4 Provides the ifluatex switch (HO)
Package ifluatex Info: LuaTeX not detected.
) (/usr/local/texlive/2018/texmf-dist/tex/latex/base/fixltx2e.sty
Package: fixltx2e 2016/12/29 v2.1a fixes to LaTeX (obsolete)
Applying: [2015/01/01] Old fixltx2e package on input line 46.

Package fixltx2e Warning: fixltx2e is not required with releases after 2015
(fixltx2e)                All fixes are now in the LaTeX kernel.
(fixltx2e)                See the latexrelease package for details.

Already applied: [0000/00/00] Old fixltx2e package on input line 53.
) (/usr/local/texlive/2018/texmf-dist/tex/xelatex/mathspec/mathspec.sty
Package: mathspec 2016/12/22 v0.2b LaTeX Package (Mathematics font selection fo
r XeLaTeX)
(/usr/local/texlive/2018/texmf-dist/tex/latex/etoolbox/etoolbox.sty
Package: etoolbox 2018/02/11 v2.5e e-TeX tools for LaTeX (JAW)
\etb@tempcnta=\count101
) (/usr/local/texlive/2018/texmf-dist/tex/latex/fontspec/fontspec.sty (/usr/loc
al/texlive/2018/texmf-dist/tex/latex/l3packages/xparse/xparse.sty (/usr/local/t
exlive/2018/texmf-dist/tex/latex/l3kernel/expl3.sty
Package: expl3 2018/03/05 L3 programming layer (loader) 
(/usr/local/texlive/2018/texmf-dist/tex/latex/l3kernel/expl3-code.tex
Package: expl3 2018/03/05 L3 programming layer (code)
\c_max_int=\count102
\l_tmpa_int=\count103
\l_tmpb_int=\count104
\g_tmpa_int=\count105
\g_tmpb_int=\count106
\g__intarray_font_int=\count107
\g__prg_map_int=\count108
\c_log_iow=\count109
\l_iow_line_count_int=\count110
\l__iow_line_target_int=\count111
\l__iow_one_indent_int=\count112
\l__iow_indent_int=\count113
\c_zero_dim=\dimen112
\c_max_dim=\dimen113
\l_tmpa_dim=\dimen114
\l_tmpb_dim=\dimen115
\g_tmpa_dim=\dimen116
\g_tmpb_dim=\dimen117
\c_zero_skip=\skip46
\c_max_skip=\skip47
\l_tmpa_skip=\skip48
\l_tmpb_skip=\skip49
\g_tmpa_skip=\skip50
\g_tmpb_skip=\skip51
\c_zero_muskip=\muskip11
\c_max_muskip=\muskip12
\l_tmpa_muskip=\muskip13
\l_tmpb_muskip=\muskip14
\g_tmpa_muskip=\muskip15
\g_tmpb_muskip=\muskip16
\l_keys_choice_int=\count114
\c__fp_leading_shift_int=\count115
\c__fp_middle_shift_int=\count116
\c__fp_trailing_shift_int=\count117
\c__fp_big_leading_shift_int=\count118
\c__fp_big_middle_shift_int=\count119
\c__fp_big_trailing_shift_int=\count120
\c__fp_Bigg_leading_shift_int=\count121
\c__fp_Bigg_middle_shift_int=\count122
\c__fp_Bigg_trailing_shift_int=\count123
\l__sort_length_int=\count124
\l__sort_min_int=\count125
\l__sort_top_int=\count126
\l__sort_max_int=\count127
\l__sort_true_max_int=\count128
\l__sort_block_int=\count129
\l__sort_begin_int=\count130
\l__sort_end_int=\count131
\l__sort_A_int=\count132
\l__sort_B_int=\count133
\l__sort_C_int=\count134
\l__tl_build_start_index_int=\count135
\l__tl_build_index_int=\count136
\l__tl_analysis_normal_int=\count137
\l__tl_analysis_index_int=\count138
\l__tl_analysis_nesting_int=\count139
\l__tl_analysis_type_int=\count140
\l__regex_internal_a_int=\count141
\l__regex_internal_b_int=\count142
\l__regex_internal_c_int=\count143
\l__regex_balance_int=\count144
\l__regex_group_level_int=\count145
\l__regex_mode_int=\count146
\c__regex_cs_in_class_mode_int=\count147
\c__regex_cs_mode_int=\count148
\l__regex_catcodes_int=\count149
\l__regex_default_catcodes_int=\count150
\c__regex_catcode_L_int=\count151
\c__regex_catcode_O_int=\count152
\c__regex_catcode_A_int=\count153
\c__regex_all_catcodes_int=\count154
\l__regex_show_lines_int=\count155
\l__regex_min_state_int=\count156
\l__regex_max_state_int=\count157
\l__regex_left_state_int=\count158
\l__regex_right_state_int=\count159
\l__regex_capturing_group_int=\count160
\l__regex_min_pos_int=\count161
\l__regex_max_pos_int=\count162
\l__regex_curr_pos_int=\count163
\l__regex_start_pos_int=\count164
\l__regex_success_pos_int=\count165
\l__regex_curr_char_int=\count166
\l__regex_curr_catcode_int=\count167
\l__regex_last_char_int=\count168
\l__regex_case_changed_char_int=\count169
\l__regex_curr_state_int=\count170
\l__regex_step_int=\count171
\l__regex_min_active_int=\count172
\l__regex_max_active_int=\count173
\l__regex_replacement_csnames_int=\count174
\l__regex_match_count_int=\count175
\l__regex_min_submatch_int=\count176
\l__regex_submatch_int=\count177
\l__regex_zeroth_submatch_int=\count178
\g__regex_trace_regex_int=\count179
\c_empty_box=\box28
\l_tmpa_box=\box29
\l_tmpb_box=\box30
\g_tmpa_box=\box31
\g_tmpb_box=\box32
\l__box_top_dim=\dimen118
\l__box_bottom_dim=\dimen119
\l__box_left_dim=\dimen120
\l__box_right_dim=\dimen121
\l__box_top_new_dim=\dimen122
\l__box_bottom_new_dim=\dimen123
\l__box_left_new_dim=\dimen124
\l__box_right_new_dim=\dimen125
\l__box_internal_box=\box33
\l__coffin_internal_box=\box34
\l__coffin_internal_dim=\dimen126
\l__coffin_offset_x_dim=\dimen127
\l__coffin_offset_y_dim=\dimen128
\l__coffin_x_dim=\dimen129
\l__coffin_y_dim=\dimen130
\l__coffin_x_prime_dim=\dimen131
\l__coffin_y_prime_dim=\dimen132
\c_empty_coffin=\box35
\l__coffin_aligned_coffin=\box36
\l__coffin_aligned_internal_coffin=\box37
\l_tmpa_coffin=\box38
\l_tmpb_coffin=\box39
\l__coffin_display_coffin=\box40
\l__coffin_display_coord_coffin=\box41
\l__coffin_display_pole_coffin=\box42
\l__coffin_display_offset_dim=\dimen133
\l__coffin_display_x_dim=\dimen134
\l__coffin_display_y_dim=\dimen135
\l__coffin_bounding_shift_dim=\dimen136
\l__coffin_left_corner_dim=\dimen137
\l__coffin_right_corner_dim=\dimen138
\l__coffin_bottom_corner_dim=\dimen139
\l__coffin_top_corner_dim=\dimen140
\l__coffin_scaled_total_height_dim=\dimen141
\l__coffin_scaled_width_dim=\dimen142
) (/usr/local/texlive/2018/texmf-dist/tex/latex/l3kernel/l3xdvipdfmx.def
File: l3xdvidpfmx.def 2017/03/18 v L3 Experimental driver: xdvipdfmx
\g__driver_image_int=\count180
))
Package: xparse 2018/02/21 L3 Experimental document command parser
\l__xparse_current_arg_int=\count181
\g__xparse_grabber_int=\count182
\l__xparse_m_args_int=\count183
\l__xparse_mandatory_args_int=\count184
\l__xparse_v_nesting_int=\count185
)
Package: fontspec 2017/11/09 v2.6g Font selection for XeLaTeX and LuaLaTeX
(/usr/local/texlive/2018/texmf-dist/tex/latex/fontspec/fontspec-xetex.sty
Package: fontspec-xetex 2017/11/09 v2.6g Font selection for XeLaTeX and LuaLaTe
X
\l__fontspec_script_int=\count186
\l__fontspec_language_int=\count187
\l__fontspec_strnum_int=\count188
\l__fontspec_tmp_int=\count189
\l__fontspec_em_int=\count190
\l__fontspec_emdef_int=\count191
\l__fontspec_strong_int=\count192
\l__fontspec_strongdef_int=\count193
\l__fontspec_tmpa_dim=\dimen143
\l__fontspec_tmpb_dim=\dimen144
\l__fontspec_tmpc_dim=\dimen145
\g__file_internal_ior=\read1
(/usr/local/texlive/2018/texmf-dist/tex/latex/base/fontenc.sty
Package: fontenc 2017/04/05 v2.0i Standard LaTeX package
(/usr/local/texlive/2018/texmf-dist/tex/latex/base/tuenc.def
File: tuenc.def 2017/04/05 v2.0i Standard LaTeX file
LaTeX Font Info:    Redeclaring font encoding TU on input line 82.
))
.................................................
. LaTeX info: "xparse/define-command"
. 
. Defining command \fontspec with sig. 'O{}mO{}' on line 542.
.................................................
.................................................
. LaTeX info: "xparse/define-command"
. 
. Defining command \setmainfont with sig. 'O{}mO{}' on line 546.
.................................................
.................................................
. LaTeX info: "xparse/define-command"
. 
. Defining command \setsansfont with sig. 'O{}mO{}' on line 550.
.................................................
.................................................
. LaTeX info: "xparse/define-command"
. 
. Defining command \setmonofont with sig. 'O{}mO{}' on line 554.
.................................................
.................................................
. LaTeX info: "xparse/define-command"
. 
. Defining command \setmathrm with sig. 'O{}mO{}' on line 558.
.................................................
.................................................
. LaTeX info: "xparse/define-command"
. 
. Defining command \setboldmathrm with sig. 'O{}mO{}' on line 562.
.................................................
.................................................
. LaTeX info: "xparse/define-command"
. 
. Defining command \setmathsf with sig. 'O{}mO{}' on line 566.
.................................................
.................................................
. LaTeX info: "xparse/define-command"
. 
. Defining command \setmathtt with sig. 'O{}mO{}' on line 570.
.................................................
.................................................
. LaTeX info: "xparse/define-command"
. 
. Defining command \setromanfont with sig. 'O{}mO{}' on line 574.
.................................................
.................................................
. LaTeX info: "xparse/define-command"
. 
. Defining command \newfontfamily with sig. 'mO{}mO{}' on line 578.
.................................................
.................................................
. LaTeX info: "xparse/define-command"
. 
. Defining command \newfontface with sig. 'mO{}mO{}' on line 582.
.................................................
.................................................
. LaTeX info: "xparse/define-command"
. 
. Defining command \defaultfontfeatures with sig. 't+om' on line 586.
.................................................
.................................................
. LaTeX info: "xparse/define-command"
. 
. Defining command \addfontfeatures with sig. 'm' on line 590.
.................................................
.................................................
. LaTeX info: "xparse/define-command"
. 
. Defining command \addfontfeature with sig. 'm' on line 594.
.................................................
.................................................
. LaTeX info: "xparse/define-command"
. 
. Defining command \newfontfeature with sig. 'mm' on line 598.
.................................................
.................................................
. LaTeX info: "xparse/define-command"
. 
. Defining command \newAATfeature with sig. 'mmmm' on line 602.
.................................................
.................................................
. LaTeX info: "xparse/define-command"
. 
. Defining command \newopentypefeature with sig. 'mmm' on line 606.
.................................................
.................................................
. LaTeX info: "xparse/define-command"
. 
. Defining command \newICUfeature with sig. 'mmm' on line 610.
.................................................
.................................................
. LaTeX info: "xparse/define-command"
. 
. Defining command \aliasfontfeature with sig. 'mm' on line 614.
.................................................
.................................................
. LaTeX info: "xparse/define-command"
. 
. Defining command \aliasfontfeatureoption with sig. 'mmm' on line 618.
.................................................
.................................................
. LaTeX info: "xparse/define-command"
. 
. Defining command \newfontscript with sig. 'mm' on line 622.
.................................................
.................................................
. LaTeX info: "xparse/define-command"
. 
. Defining command \newfontlanguage with sig. 'mm' on line 626.
.................................................
.................................................
. LaTeX info: "xparse/define-command"
. 
. Defining command \DeclareFontsExtensions with sig. 'm' on line 630.
.................................................
.................................................
. LaTeX info: "xparse/define-command"
. 
. Defining command \IfFontFeatureActiveTF with sig. 'mmm' on line 634.
.................................................
.................................................
. LaTeX info: "xparse/define-command"
. 
. Defining command \EncodingCommand with sig. 'mO{}m' on line 3632.
.................................................
.................................................
. LaTeX info: "xparse/define-command"
. 
. Defining command \EncodingAccent with sig. 'mm' on line 3638.
.................................................
.................................................
. LaTeX info: "xparse/define-command"
. 
. Defining command \EncodingSymbol with sig. 'mm' on line 3644.
.................................................
.................................................
. LaTeX info: "xparse/define-command"
. 
. Defining command \EncodingComposite with sig. 'mmm' on line 3650.
.................................................
.................................................
. LaTeX info: "xparse/define-command"
. 
. Defining command \EncodingCompositeCommand with sig. 'mmm' on line 3656.
.................................................
.................................................
. LaTeX info: "xparse/define-command"
. 
. Defining command \DeclareUnicodeEncoding with sig. 'mm' on line 3681.
.................................................
.................................................
. LaTeX info: "xparse/define-command"
. 
. Defining command \UndeclareSymbol with sig. 'm' on line 3687.
.................................................
.................................................
. LaTeX info: "xparse/define-command"
. 
. Defining command \UndeclareAccent with sig. 'm' on line 3693.
.................................................
.................................................
. LaTeX info: "xparse/define-command"
. 
. Defining command \UndeclareCommand with sig. 'm' on line 3699.
.................................................
.................................................
. LaTeX info: "xparse/define-command"
. 
. Defining command \UndeclareComposite with sig. 'mm' on line 3706.
.................................................
(/usr/local/texlive/2018/texmf-dist/tex/latex/fontspec/fontspec.cfg)
LaTeX Info: Redefining \itshape on input line 3891.
LaTeX Info: Redefining \slshape on input line 3896.
LaTeX Info: Redefining \scshape on input line 3901.
LaTeX Info: Redefining \upshape on input line 3906.
LaTeX Info: Redefining \em on input line 3936.
LaTeX Info: Redefining \emph on input line 3961.
LaTeX Info: Redefining \- on input line 4015.
.................................................
. LaTeX info: "xparse/redefine-command"
. 
. Redefining command \oldstylenums with sig. 'm' on line 4110.
.................................................
.................................................
. LaTeX info: "xparse/define-command"
. 
. Defining command \liningnums with sig. 'm' on line 4114.
.................................................
)) (/usr/local/texlive/2018/texmf-dist/tex/latex/xkeyval/xkeyval.sty
Package: xkeyval 2014/12/03 v2.7a package option processing (HA)
(/usr/local/texlive/2018/texmf-dist/tex/generic/xkeyval/xkeyval.tex (/usr/local
/texlive/2018/texmf-dist/tex/generic/xkeyval/xkvutils.tex
\XKV@toks=\toks20
\XKV@tempa@toks=\toks21
(/usr/local/texlive/2018/texmf-dist/tex/generic/xkeyval/keyval.tex))
\XKV@depth=\count194
File: xkeyval.tex 2014/12/03 v2.7a key=value parser (HA)
))
\c@eu@=\count195
\c@eu@i=\count196
\c@mkern=\count197
) (/usr/local/texlive/2018/texmf-dist/tex/latex/upquote/upquote.sty
Package: upquote 2012/04/19 v1.3 upright-quote and grave-accent glyphs in verba
tim
(/usr/local/texlive/2018/texmf-dist/tex/latex/base/textcomp.sty
Package: textcomp 2017/04/05 v2.0i Standard LaTeX package
Package textcomp Info: Sub-encoding information:
(textcomp)               5 = only ISO-Adobe without \textcurrency
(textcomp)               4 = 5 + \texteuro
(textcomp)               3 = 4 + \textohm
(textcomp)               2 = 3 + \textestimated + \textcurrency
(textcomp)               1 = TS1 - \textcircled - \t
(textcomp)               0 = TS1 (full)
(textcomp)             Font families with sub-encoding setting implement
(textcomp)             only a restricted character set as indicated.
(textcomp)             Family '?' is the default used for unknown fonts.
(textcomp)             See the documentation for details.
Package textcomp Info: Setting ? sub-encoding to TS1/1 on input line 79.
(/usr/local/texlive/2018/texmf-dist/tex/latex/base/ts1enc.def
File: ts1enc.def 2001/06/05 v3.0e (jk/car/fm) Standard LaTeX file
)
LaTeX Info: Redefining \oldstylenums on input line 334.
Package textcomp Info: Setting cmr sub-encoding to TS1/0 on input line 349.
Package textcomp Info: Setting cmss sub-encoding to TS1/0 on input line 350.
Package textcomp Info: Setting cmtt sub-encoding to TS1/0 on input line 351.
Package textcomp Info: Setting cmvtt sub-encoding to TS1/0 on input line 352.
Package textcomp Info: Setting cmbr sub-encoding to TS1/0 on input line 353.
Package textcomp Info: Setting cmtl sub-encoding to TS1/0 on input line 354.
Package textcomp Info: Setting ccr sub-encoding to TS1/0 on input line 355.
Package textcomp Info: Setting ptm sub-encoding to TS1/4 on input line 356.
Package textcomp Info: Setting pcr sub-encoding to TS1/4 on input line 357.
Package textcomp Info: Setting phv sub-encoding to TS1/4 on input line 358.
Package textcomp Info: Setting ppl sub-encoding to TS1/3 on input line 359.
Package textcomp Info: Setting pag sub-encoding to TS1/4 on input line 360.
Package textcomp Info: Setting pbk sub-encoding to TS1/4 on input line 361.
Package textcomp Info: Setting pnc sub-encoding to TS1/4 on input line 362.
Package textcomp Info: Setting pzc sub-encoding to TS1/4 on input line 363.
Package textcomp Info: Setting bch sub-encoding to TS1/4 on input line 364.
Package textcomp Info: Setting put sub-encoding to TS1/5 on input line 365.
Package textcomp Info: Setting uag sub-encoding to TS1/5 on input line 366.
Package textcomp Info: Setting ugq sub-encoding to TS1/5 on input line 367.
Package textcomp Info: Setting ul8 sub-encoding to TS1/4 on input line 368.
Package textcomp Info: Setting ul9 sub-encoding to TS1/4 on input line 369.
Package textcomp Info: Setting augie sub-encoding to TS1/5 on input line 370.
Package textcomp Info: Setting dayrom sub-encoding to TS1/3 on input line 371.
Package textcomp Info: Setting dayroms sub-encoding to TS1/3 on input line 372.

Package textcomp Info: Setting pxr sub-encoding to TS1/0 on input line 373.
Package textcomp Info: Setting pxss sub-encoding to TS1/0 on input line 374.
Package textcomp Info: Setting pxtt sub-encoding to TS1/0 on input line 375.
Package textcomp Info: Setting txr sub-encoding to TS1/0 on input line 376.
Package textcomp Info: Setting txss sub-encoding to TS1/0 on input line 377.
Package textcomp Info: Setting txtt sub-encoding to TS1/0 on input line 378.
Package textcomp Info: Setting lmr sub-encoding to TS1/0 on input line 379.
Package textcomp Info: Setting lmdh sub-encoding to TS1/0 on input line 380.
Package textcomp Info: Setting lmss sub-encoding to TS1/0 on input line 381.
Package textcomp Info: Setting lmssq sub-encoding to TS1/0 on input line 382.
Package textcomp Info: Setting lmvtt sub-encoding to TS1/0 on input line 383.
Package textcomp Info: Setting lmtt sub-encoding to TS1/0 on input line 384.
Package textcomp Info: Setting qhv sub-encoding to TS1/0 on input line 385.
Package textcomp Info: Setting qag sub-encoding to TS1/0 on input line 386.
Package textcomp Info: Setting qbk sub-encoding to TS1/0 on input line 387.
Package textcomp Info: Setting qcr sub-encoding to TS1/0 on input line 388.
Package textcomp Info: Setting qcs sub-encoding to TS1/0 on input line 389.
Package textcomp Info: Setting qpl sub-encoding to TS1/0 on input line 390.
Package textcomp Info: Setting qtm sub-encoding to TS1/0 on input line 391.
Package textcomp Info: Setting qzc sub-encoding to TS1/0 on input line 392.
Package textcomp Info: Setting qhvc sub-encoding to TS1/0 on input line 393.
Package textcomp Info: Setting futs sub-encoding to TS1/4 on input line 394.
Package textcomp Info: Setting futx sub-encoding to TS1/4 on input line 395.
Package textcomp Info: Setting futj sub-encoding to TS1/4 on input line 396.
Package textcomp Info: Setting hlh sub-encoding to TS1/3 on input line 397.
Package textcomp Info: Setting hls sub-encoding to TS1/3 on input line 398.
Package textcomp Info: Setting hlst sub-encoding to TS1/3 on input line 399.
Package textcomp Info: Setting hlct sub-encoding to TS1/5 on input line 400.
Package textcomp Info: Setting hlx sub-encoding to TS1/5 on input line 401.
Package textcomp Info: Setting hlce sub-encoding to TS1/5 on input line 402.
Package textcomp Info: Setting hlcn sub-encoding to TS1/5 on input line 403.
Package textcomp Info: Setting hlcw sub-encoding to TS1/5 on input line 404.
Package textcomp Info: Setting hlcf sub-encoding to TS1/5 on input line 405.
Package textcomp Info: Setting pplx sub-encoding to TS1/3 on input line 406.
Package textcomp Info: Setting pplj sub-encoding to TS1/3 on input line 407.
Package textcomp Info: Setting ptmx sub-encoding to TS1/4 on input line 408.
Package textcomp Info: Setting ptmj sub-encoding to TS1/4 on input line 409.
)) (/usr/local/texlive/2018/texmf-dist/tex/latex/microtype/microtype.sty
Package: microtype 2018/01/14 v2.7a Micro-typographical refinements (RS)
\MT@toks=\toks22
\MT@count=\count198
LaTeX Info: Redefining \textls on input line 793.
\MT@outer@kern=\dimen146
LaTeX Info: Redefining \textmicrotypecontext on input line 1339.
\MT@listname@count=\count199
(/usr/local/texlive/2018/texmf-dist/tex/latex/microtype/microtype-xetex.def
File: microtype-xetex.def 2018/01/14 v2.7a Definitions specific to xetex (RS)
LaTeX Info: Redefining \lsstyle on input line 256.
)
Package microtype Info: Loading configuration file microtype.cfg.
(/usr/local/texlive/2018/texmf-dist/tex/latex/microtype/microtype.cfg
File: microtype.cfg 2018/01/14 v2.7a microtype main configuration file (RS)
)) (/usr/local/texlive/2018/texmf-dist/tex/latex/geometry/geometry.sty
Package: geometry 2018/03/24 v5.7 Page Geometry
(/usr/local/texlive/2018/texmf-dist/tex/generic/oberdiek/ifpdf.sty
Package: ifpdf 2017/03/15 v3.2 Provides the ifpdf switch
) (/usr/local/texlive/2018/texmf-dist/tex/generic/oberdiek/ifvtex.sty
Package: ifvtex 2016/05/16 v1.6 Detect VTeX and its facilities (HO)
Package ifvtex Info: VTeX not detected.
)
\Gm@cnth=\count266
\Gm@cntv=\count267
\c@Gm@tempcnt=\count268
\Gm@bindingoffset=\dimen147
\Gm@wd@mp=\dimen148
\Gm@odd@mp=\dimen149
\Gm@even@mp=\dimen150
\Gm@layoutwidth=\dimen151
\Gm@layoutheight=\dimen152
\Gm@layouthoffset=\dimen153
\Gm@layoutvoffset=\dimen154
\Gm@dimlist=\toks23
) (/usr/local/texlive/2018/texmf-dist/tex/latex/hyperref/hyperref.sty
Package: hyperref 2018/02/06 v6.86b Hypertext links for LaTeX
(/usr/local/texlive/2018/texmf-dist/tex/generic/oberdiek/hobsub-hyperref.sty
Package: hobsub-hyperref 2016/05/16 v1.14 Bundle oberdiek, subset hyperref (HO)

(/usr/local/texlive/2018/texmf-dist/tex/generic/oberdiek/hobsub-generic.sty
Package: hobsub-generic 2016/05/16 v1.14 Bundle oberdiek, subset generic (HO)
Package: hobsub 2016/05/16 v1.14 Construct package bundles (HO)
Package: infwarerr 2016/05/16 v1.4 Providing info/warning/error messages (HO)
Package: ltxcmds 2016/05/16 v1.23 LaTeX kernel commands for general use (HO)
Package hobsub Info: Skipping package `ifluatex' (already loaded).
Package hobsub Info: Skipping package `ifvtex' (already loaded).
Package: intcalc 2016/05/16 v1.2 Expandable calculations with integers (HO)
Package hobsub Info: Skipping package `ifpdf' (already loaded).
Package: etexcmds 2016/05/16 v1.6 Avoid name clashes with e-TeX commands (HO)
Package etexcmds Info: Could not find \expanded.
(etexcmds)             That can mean that you are not using pdfTeX 1.50 or
(etexcmds)             that some package has redefined \expanded.
(etexcmds)             In the latter case, load this package earlier.
Package: kvsetkeys 2016/05/16 v1.17 Key value parser (HO)
Package: kvdefinekeys 2016/05/16 v1.4 Define keys (HO)
Package: pdftexcmds 2018/01/30 v0.27 Utility functions of pdfTeX for LuaTeX (HO
)
Package pdftexcmds Info: LuaTeX not detected.
Package pdftexcmds Info: pdfTeX >= 1.30 not detected.
Package pdftexcmds Info: \pdf@primitive is available.
Package pdftexcmds Info: \pdf@ifprimitive is available.
Package pdftexcmds Info: \pdfdraftmode not found.
Package: pdfescape 2016/05/16 v1.14 Implements pdfTeX's escape features (HO)
Package: bigintcalc 2016/05/16 v1.4 Expandable calculations on big integers (HO
)
Package: bitset 2016/05/16 v1.2 Handle bit-vector datatype (HO)
Package: uniquecounter 2016/05/16 v1.3 Provide unlimited unique counter (HO)
)
Package hobsub Info: Skipping package `hobsub' (already loaded).
Package: letltxmacro 2016/05/16 v1.5 Let assignment for LaTeX macros (HO)
Package: hopatch 2016/05/16 v1.3 Wrapper for package hooks (HO)
Package: xcolor-patch 2016/05/16 xcolor patch
Package: atveryend 2016/05/16 v1.9 Hooks at the very end of document (HO)
Package: atbegshi 2016/06/09 v1.18 At begin shipout hook (HO)
Package: refcount 2016/05/16 v3.5 Data extraction from label references (HO)
Package: hycolor 2016/05/16 v1.8 Color options for hyperref/bookmark (HO)
) (/usr/local/texlive/2018/texmf-dist/tex/latex/oberdiek/auxhook.sty
Package: auxhook 2016/05/16 v1.4 Hooks for auxiliary files (HO)
) (/usr/local/texlive/2018/texmf-dist/tex/latex/oberdiek/kvoptions.sty
Package: kvoptions 2016/05/16 v3.12 Key value format for package options (HO)
)
\@linkdim=\dimen155
\Hy@linkcounter=\count269
\Hy@pagecounter=\count270
(/usr/local/texlive/2018/texmf-dist/tex/latex/hyperref/pd1enc.def
File: pd1enc.def 2018/02/06 v6.86b Hyperref: PDFDocEncoding definition (HO)
)
\Hy@SavedSpaceFactor=\count271
(/usr/local/texlive/2018/texmf-dist/tex/latex/latexconfig/hyperref.cfg
File: hyperref.cfg 2002/06/06 v1.2 hyperref configuration of TeXLive
)
Package hyperref Info: Hyper figures OFF on input line 4509.
Package hyperref Info: Link nesting OFF on input line 4514.
Package hyperref Info: Hyper index ON on input line 4517.
Package hyperref Info: Plain pages OFF on input line 4524.
Package hyperref Info: Backreferencing OFF on input line 4529.
Package hyperref Info: Implicit mode ON; LaTeX internals redefined.
Package hyperref Info: Bookmarks ON on input line 4762.
\c@Hy@tempcnt=\count272
(/usr/local/texlive/2018/texmf-dist/tex/latex/url/url.sty
\Urlmuskip=\muskip17
Package: url 2013/09/16  ver 3.4  Verb mode for urls, etc.
)
LaTeX Info: Redefining \url on input line 5115.
\XeTeXLinkMargin=\dimen156
\Fld@menulength=\count273
\Field@Width=\dimen157
\Fld@charsize=\dimen158
Package hyperref Info: Hyper figures OFF on input line 6369.
Package hyperref Info: Link nesting OFF on input line 6374.
Package hyperref Info: Hyper index ON on input line 6377.
Package hyperref Info: backreferencing OFF on input line 6384.
Package hyperref Info: Link coloring OFF on input line 6389.
Package hyperref Info: Link coloring with OCG OFF on input line 6394.
Package hyperref Info: PDF/A mode OFF on input line 6399.
LaTeX Info: Redefining \ref on input line 6439.
LaTeX Info: Redefining \pageref on input line 6443.
\Hy@abspage=\count274
\c@Item=\count275
\c@Hfootnote=\count276
)
Package hyperref Info: Driver (autodetected): hxetex.
(/usr/local/texlive/2018/texmf-dist/tex/latex/hyperref/hxetex.def
File: hxetex.def 2018/02/06 v6.86b Hyperref driver for XeTeX
(/usr/local/texlive/2018/texmf-dist/tex/latex/hyperref/puenc.def
File: puenc.def 2018/02/06 v6.86b Hyperref: PDF Unicode definition (HO)
) (/usr/local/texlive/2018/texmf-dist/tex/generic/oberdiek/stringenc.sty
Package: stringenc 2016/05/16 v1.11 Convert strings between diff. encodings (HO
)
)
\pdfm@box=\box43
\c@Hy@AnnotLevel=\count277
\HyField@AnnotCount=\count278
\Fld@listcount=\count279
\c@bookmark@seq@number=\count280
(/usr/local/texlive/2018/texmf-dist/tex/latex/oberdiek/rerunfilecheck.sty
Package: rerunfilecheck 2016/05/16 v1.8 Rerun checks for auxiliary files (HO)
Package uniquecounter Info: New unique counter `rerunfilecheck' on input line 2
82.
)
\Hy@SectionHShift=\skip52
)
Package hyperref Info: Option `unicode' set `true' on input line 30.
(/usr/local/texlive/2018/texmf-dist/tex/generic/oberdiek/se-ascii-print.def
File: se-ascii-print.def 2016/05/16 v1.11 stringenc: Printable ASCII characters

)
Package hyperref Info: Option `breaklinks' set `true' on input line 30.
(/usr/local/texlive/2018/texmf-dist/tex/latex/natbib/natbib.sty
Package: natbib 2010/09/13 8.31b (PWD, AO)
\bibhang=\skip53
\bibsep=\skip54
LaTeX Info: Redefining \cite on input line 694.
\c@NAT@ctr=\count281
) (/usr/local/texlive/2018/texmf-dist/tex/latex/graphics/color.sty
Package: color 2016/07/10 v1.1e Standard LaTeX Color (DPC)
(/usr/local/texlive/2018/texmf-dist/tex/latex/graphics-cfg/color.cfg
File: color.cfg 2016/01/02 v1.6 sample color configuration
)
Package color Info: Driver file: xetex.def on input line 147.
(/usr/local/texlive/2018/texmf-dist/tex/latex/graphics-def/xetex.def
File: xetex.def 2017/06/24 v5.0h Graphics/color driver for xetex
)) (/usr/local/texlive/2018/texmf-dist/tex/latex/fancyvrb/fancyvrb.sty
Package: fancyvrb 2008/02/07

Style option: `fancyvrb' v2.7a, with DG/SPQR fixes, and firstline=lastline fix 
<2008/02/07> (tvz)
\FV@CodeLineNo=\count282
\FV@InFile=\read2
\FV@TabBox=\box44
\c@FancyVerbLine=\count283
\FV@StepNumber=\count284
\FV@OutFile=\write3
) (/usr/local/texlive/2018/texmf-dist/tex/latex/framed/framed.sty
Package: framed 2011/10/22 v 0.96: framed or shaded text with page breaks
\OuterFrameSep=\skip55
\fb@frw=\dimen159
\fb@frh=\dimen160
\FrameRule=\dimen161
\FrameSep=\dimen162
) (/usr/local/texlive/2018/texmf-dist/tex/latex/tools/longtable.sty
Package: longtable 2014/10/28 v4.11 Multi-page Table package (DPC)
\LTleft=\skip56
\LTright=\skip57
\LTpre=\skip58
\LTpost=\skip59
\LTchunksize=\count285
\LTcapwidth=\dimen163
\LT@head=\box45
\LT@firsthead=\box46
\LT@foot=\box47
\LT@lastfoot=\box48
\LT@cols=\count286
\LT@rows=\count287
\c@LT@tables=\count288
\c@LT@chunks=\count289
\LT@p@ftn=\toks24
) (/usr/local/texlive/2018/texmf-dist/tex/latex/booktabs/booktabs.sty
Package: booktabs 2016/04/27 v1.618033 publication quality tables
\heavyrulewidth=\dimen164
\lightrulewidth=\dimen165
\cmidrulewidth=\dimen166
\belowrulesep=\dimen167
\belowbottomsep=\dimen168
\aboverulesep=\dimen169
\abovetopsep=\dimen170
\cmidrulesep=\dimen171
\cmidrulekern=\dimen172
\defaultaddspace=\dimen173
\@cmidla=\count290
\@cmidlb=\count291
\@aboverulesep=\dimen174
\@belowrulesep=\dimen175
\@thisruleclass=\count292
\@lastruleclass=\count293
\@thisrulewidth=\dimen176
) (/usr/local/texlive/2018/texmf-dist/tex/latex/graphics/graphicx.sty
Package: graphicx 2017/06/01 v1.1a Enhanced LaTeX Graphics (DPC,SPQR)
(/usr/local/texlive/2018/texmf-dist/tex/latex/graphics/graphics.sty
Package: graphics 2017/06/25 v1.2c Standard LaTeX Graphics (DPC,SPQR)
(/usr/local/texlive/2018/texmf-dist/tex/latex/graphics/trig.sty
Package: trig 2016/01/03 v1.10 sin cos tan (DPC)
) (/usr/local/texlive/2018/texmf-dist/tex/latex/graphics-cfg/graphics.cfg
File: graphics.cfg 2016/06/04 v1.11 sample graphics configuration
)
Package graphics Info: Driver file: xetex.def on input line 99.
)
\Gin@req@height=\dimen177
\Gin@req@width=\dimen178
) (/usr/local/texlive/2018/texmf-dist/tex/latex/oberdiek/grffile.sty
Package: grffile 2017/06/30 v1.18 Extended file name support for graphics (HO)
Package grffile Info: Option `multidot' is set to `true'.
Package grffile Info: Option `extendedchars' is set to `false'.
Package grffile Info: Option `space' is set to `true'.
Package grffile Info: \Gin@ii of package `graphicx' fixed on input line 494.
) (/usr/local/texlive/2018/texmf-dist/tex/latex/parskip/parskip.sty
Package: parskip 2001/04/09 non-zero parskip adjustments
) (/usr/local/texlive/2018/texmf-dist/tex/latex/titling/titling.sty
Package: titling 2009/09/04 v2.1d maketitle typesetting
\thanksmarkwidth=\skip60
\thanksmargin=\skip61
\droptitle=\skip62
) (./lecture.aux)
\openout1 = `lecture.aux'.

LaTeX Font Info:    Checking defaults for OML/cmm/m/it on input line 132.
LaTeX Font Info:    ... okay on input line 132.
LaTeX Font Info:    Checking defaults for T1/cmr/m/n on input line 132.
LaTeX Font Info:    ... okay on input line 132.
LaTeX Font Info:    Checking defaults for OT1/cmr/m/n on input line 132.
LaTeX Font Info:    ... okay on input line 132.
LaTeX Font Info:    Checking defaults for OMS/cmsy/m/n on input line 132.
LaTeX Font Info:    ... okay on input line 132.
LaTeX Font Info:    Checking defaults for TU/lmr/m/n on input line 132.
LaTeX Font Info:    ... okay on input line 132.
LaTeX Font Info:    Checking defaults for OMX/cmex/m/n on input line 132.
LaTeX Font Info:    ... okay on input line 132.
LaTeX Font Info:    Checking defaults for U/cmr/m/n on input line 132.
LaTeX Font Info:    ... okay on input line 132.
LaTeX Font Info:    Checking defaults for TS1/cmr/m/n on input line 132.
LaTeX Font Info:    Try loading font information for TS1+cmr on input line 132.

(/usr/local/texlive/2018/texmf-dist/tex/latex/base/ts1cmr.fd
File: ts1cmr.fd 2014/09/29 v2.5h Standard LaTeX font definitions
)
LaTeX Font Info:    ... okay on input line 132.
LaTeX Font Info:    Checking defaults for PD1/pdf/m/n on input line 132.
LaTeX Font Info:    ... okay on input line 132.
LaTeX Font Info:    Checking defaults for PU/pdf/m/n on input line 132.
LaTeX Font Info:    ... okay on input line 132.
LaTeX Info: Redefining \microtypecontext on input line 132.
Package microtype Info: Character protrusion enabled (level 2).
Package microtype Info: Using protrusion set `basicmath'.
Package microtype Info: No adjustment of tracking.
Package microtype Info: No adjustment of spacing.
Package microtype Info: No adjustment of kerning.

(/usr/local/texlive/2018/texmf-dist/tex/latex/microtype/mt-LatinModernRoman.cfg
File: mt-LatinModernRoman.cfg 2013/03/13 v1.0 microtype config. file: Latin Mod
ern Roman (RS)
)
*geometry* driver: auto-detecting
*geometry* detected driver: xetex
*geometry* verbose mode - [ preamble ] result:
* driver: xetex
* paper: <default>
* layout: <same size as paper>
* layoutoffset:(h,v)=(0.0pt,0.0pt)
* modes: twoside 
* h-part:(L,W,R)=(72.26999pt, 469.75502pt, 72.26999pt)
* v-part:(T,H,B)=(72.26999pt, 650.43001pt, 72.26999pt)
* \paperwidth=614.295pt
* \paperheight=794.96999pt
* \textwidth=469.75502pt
* \textheight=650.43001pt
* \oddsidemargin=0.0pt
* \evensidemargin=0.0pt
* \topmargin=-30.06749pt
* \headheight=12.0pt
* \headsep=18.06749pt
* \topskip=10.0pt
* \footskip=25.29494pt
* \marginparwidth=125.0pt
* \marginparsep=7.0pt
* \columnsep=10.0pt
* \skip\footins=9.0pt plus 4.0pt minus 2.0pt
* \hoffset=0.0pt
* \voffset=0.0pt
* \mag=1000
* \@twocolumnfalse
* \@twosidetrue
* \@mparswitchtrue
* \@reversemarginfalse
* (1in=72.27pt=25.4mm, 1cm=28.453pt)

\AtBeginShipoutBox=\box49
Package hyperref Info: Link coloring OFF on input line 132.
(/usr/local/texlive/2018/texmf-dist/tex/latex/hyperref/nameref.sty
Package: nameref 2016/05/21 v2.44 Cross-referencing by name of section
(/usr/local/texlive/2018/texmf-dist/tex/generic/oberdiek/gettitlestring.sty
Package: gettitlestring 2016/05/16 v1.5 Cleanup title references (HO)
)
\c@section@level=\count294
)
LaTeX Info: Redefining \ref on input line 132.
LaTeX Info: Redefining \pageref on input line 132.
LaTeX Info: Redefining \nameref on input line 132.
(./lecture.out) (./lecture.out)
\@outlinefile=\write4
\openout4 = `lecture.out'.

[1


] [2

] (./lecture.toc
LaTeX Font Info:    Try loading font information for OT1+lmr on input line 2.
(/usr/local/texlive/2018/texmf-dist/tex/latex/lm/ot1lmr.fd
File: ot1lmr.fd 2009/10/30 v1.6 Font defs for Latin Modern
)
Package microtype Info: Loading generic protrusion settings for font family
(microtype)             `lmr' (encoding: OT1).
(microtype)             For optimal results, create family-specific settings.
(microtype)             See the microtype manual for details.
LaTeX Font Info:    Try loading font information for OML+lmm on input line 2.
(/usr/local/texlive/2018/texmf-dist/tex/latex/lm/omllmm.fd
File: omllmm.fd 2009/10/30 v1.6 Font defs for Latin Modern
)
LaTeX Font Info:    Try loading font information for OMS+lmsy on input line 2.
(/usr/local/texlive/2018/texmf-dist/tex/latex/lm/omslmsy.fd
File: omslmsy.fd 2009/10/30 v1.6 Font defs for Latin Modern
)
LaTeX Font Info:    Try loading font information for OMX+lmex on input line 2.
(/usr/local/texlive/2018/texmf-dist/tex/latex/lm/omxlmex.fd
File: omxlmex.fd 2009/10/30 v1.6 Font defs for Latin Modern
)
LaTeX Font Info:    External font `lmex10' loaded for size
(Font)              <10> on input line 2.
LaTeX Font Info:    External font `lmex10' loaded for size
(Font)              <7> on input line 2.
LaTeX Font Info:    External font `lmex10' loaded for size
(Font)              <5> on input line 2.
LaTeX Font Info:    Try loading font information for U+msa on input line 2.
(/usr/local/texlive/2018/texmf-dist/tex/latex/amsfonts/umsa.fd
File: umsa.fd 2013/01/14 v3.01 AMS symbols A
) (/usr/local/texlive/2018/texmf-dist/tex/latex/microtype/mt-msa.cfg
File: mt-msa.cfg 2006/02/04 v1.1 microtype config. file: AMS symbols (a) (RS)
)
LaTeX Font Info:    Try loading font information for U+msb on input line 2.
(/usr/local/texlive/2018/texmf-dist/tex/latex/amsfonts/umsb.fd
File: umsb.fd 2013/01/14 v3.01 AMS symbols B
) (/usr/local/texlive/2018/texmf-dist/tex/latex/microtype/mt-msb.cfg
File: mt-msb.cfg 2005/06/01 v1.0 microtype config. file: AMS symbols (b) (RS)
) [3] [4])
\tf@toc=\write5
\openout5 = `lecture.toc'.

[5] [6

]
Chapter 1.
[7]
Underfull \vbox (badness 1158) has occurred while \output is active []

[8] [9] [10]
Chapter 2.
File: figuretable/Igam2017Fig1.png Graphic file (type bmp)
<figuretable/Igam2017Fig1.png>
[11

] [12] [13] [14] [15]
LaTeX Font Info:    Font shape `TU/lmtt/bx/n' in size <10> not available
(Font)              Font shape `TU/lmtt/b/n' tried instead on input line 906.
[16] [17]
File: lecture_files/figure-latex/unnamed-chunk-15-1.pdf Graphic file (type pdf)

<use lecture_files/figure-latex/unnamed-chunk-15-1.pdf>

Underfull \hbox (badness 7576) in paragraph at lines 1130--1133
[][] \TU/lmr/m/n/10 -
 []

File: lecture_files/figure-latex/unnamed-chunk-16-1.pdf Graphic file (type pdf)

<use lecture_files/figure-latex/unnamed-chunk-16-1.pdf>

Underfull \vbox (badness 10000) has occurred while \output is active []

[18] [19] [20] [21] [22

]
Chapter 3.
[23] [24] [25] [26] [27] [28] [29] [30] [31] [32] [33] [34] [35]
Overfull \hbox (55.98158pt too wide) detected at line 2879
[]
 []


Overfull \hbox (46.99997pt too wide) detected at line 2879
[][]
 []

[36] [37] [38] [39] [40] [41] [42]
Chapter 4.
[43

] [44] [45] [46] [47] [48] [49] [50] [51] [52] [53] [54] [55] [56] [57] [58] [5
9]
Overfull \hbox (0.36632pt too wide) detected at line 5013
[]\OML/lmm/m/it/10 ^^[[]\OT1/lmr/m/n/10 (\OML/lmm/m/it/10 p; x; y[]; z[]\OT1/lm
r/m/n/10 ) = [][]\OML/lmm/m/it/10 :
 []

[60] [61]
LaTeX Font Info:    External font `lmex10' loaded for size
(Font)              <12> on input line 5260.
LaTeX Font Info:    External font `lmex10' loaded for size
(Font)              <8> on input line 5260.
LaTeX Font Info:    External font `lmex10' loaded for size
(Font)              <6> on input line 5260.
[62] [63] [64] [65]
Underfull \hbox (badness 3078) in paragraph at lines 5678--5681
[]\TU/lmr/m/n/10 They showed that under certain conditions the optimal BLP-type
 IV is a function
 []

[66]
Chapter 5.
[67

] [68]
File: figuretable/demandshift.png Graphic file (type bmp)
<figuretable/demandshift.png>
[69] [70] [71] [72] [73] [74] [75] [76

]
Chapter 6.
File: figuretable/entrycost.png Graphic file (type bmp)
<figuretable/entrycost.png>
[77] [78] [79] [80] [81] [82] [83] [84]
File: figuretable/bivariateentry.png Graphic file (type bmp)
<figuretable/bivariateentry.png>
[85] [86] [87]
Overfull \hbox (4.3788pt too wide) detected at line 7398
[]\OT1/lmr/m/n/10 (\OML/lmm/m/it/10 x[]; x[]\OT1/lmr/m/n/10 ) = \U/msb/m/n/10 P
\OMS/lmsy/m/n/10 f\OT1/lmr/m/n/10 [\OML/lmm/m/it/10 v[]\OT1/lmr/m/n/10 (\OML/lm
m/m/it/10 x[]\OT1/lmr/m/n/10 ) \OMS/lmsy/m/n/10 ^^@ \OML/lmm/m/it/10 f[]\OT1/lm
r/m/n/10 ][1 \OMS/lmsy/m/n/10 ^^@ []\OT1/lmr/m/n/10 (\OML/lmm/m/it/10 x[]; x[]\
OT1/lmr/m/n/10 )] + [\OML/lmm/m/it/10 v[]\OT1/lmr/m/n/10 (\OML/lmm/m/it/10 x[]\
OT1/lmr/m/n/10 ) + \OML/lmm/m/it/10 v[]\OT1/lmr/m/n/10 (\OML/lmm/m/it/10 x[]\OT
1/lmr/m/n/10 ) \OMS/lmsy/m/n/10 ^^@ \OML/lmm/m/it/10 f[]\OT1/lmr/m/n/10 ][](\OM
L/lmm/m/it/10 x[]; x[]\OT1/lmr/m/n/10 ) \OML/lmm/m/it/10 > \OT1/lmr/m/n/10 0\OM
S/lmsy/m/n/10 g\OML/lmm/m/it/10 :
 []

[88]
Chapter 7.
[89

] [90] [91] [92] [93] [94] [95] [96] [97] [98] [99]
Underfull \vbox (badness 1259) has occurred while \output is active []

[100] [101] [102]
Underfull \hbox (badness 1248) in paragraph at lines 8634--8638
[]\TU/lmr/m/n/10 There are the order of $\OMS/lmsy/m/n/10 j\OML/lmm/m/it/10 X\O
MS/lmsy/m/n/10 j[]$ \TU/lmr/m/n/10 variations in $\OT1/lmr/m/n/10 (\OML/lmm/m/i
t/10 x[]; []  ; x[]\OT1/lmr/m/n/10 )$\TU/lmr/m/n/10 , whereas the number of par
ameters
 []

[103]
Underfull \vbox (badness 1097) has occurred while \output is active []

[104] [105]
Overfull \hbox (1.12468pt too wide) detected at line 9017
[]
 []


Overfull \hbox (25.0pt too wide) detected at line 9017
[]
 []

[106] [107] [108

]
Chapter 8.
[109] [110] [111] [112] [113] [114] [115] [116] [117] [118] [119]
File: figuretable/dynamic.png Graphic file (type bmp)
<figuretable/dynamic.png>
File: figuretable/denovo.png Graphic file (type bmp)
<figuretable/denovo.png>
File: figuretable/mature.png Graphic file (type bmp)
<figuretable/mature.png>
[120] [121] [122] [123] [124] [125] [126

]
Chapter 9.
[127] [128] [129] [130] [131] [132] [133] [134]
Chapter 10.
[135

] [136] [137] [138] [139] [140] [141]
Overfull \hbox (14.42418pt too wide) detected at line 12133
[]
 []


Overfull \hbox (25.0pt too wide) detected at line 12133
[][]
 []

[142]
Overfull \hbox (1.03389pt too wide) detected at line 12203
[]
 []


Overfull \hbox (25.0pt too wide) detected at line 12203
[][]
 []

[143]
File: figuretable/Crawford_2018_Table4.png Graphic file (type bmp)
<figuretable/Crawford_2018_Table4.png>

LaTeX Warning: Float too large for page by 24.10426pt on input line 12304.

File: figuretable/Crawford_2018_Table5.png Graphic file (type bmp)
<figuretable/Crawford_2018_Table5.png>
File: figuretable/Crawford_2018_Table6.png Graphic file (type bmp)
<figuretable/Crawford_2018_Table6.png>
File: figuretable/Crawford_2018_Table7.png Graphic file (type bmp)
<figuretable/Crawford_2018_Table7.png>
[144] [145] [146] [147]
File: figuretable/Crawford_2018_Table8.png Graphic file (type bmp)
<figuretable/Crawford_2018_Table8.png>
[148]
Chapter 11.
[149

]
Underfull \vbox (badness 10000) has occurred while \output is active []

[150]
File: lecture_files/figure-latex/unnamed-chunk-37-1.pdf Graphic file (type pdf)

<use lecture_files/figure-latex/unnamed-chunk-37-1.pdf>
[151] [152]
Chapter 12.

Overfull \vbox (16.6589pt too high) has occurred while \output is active []

[153

]
Overfull \hbox (29.15878pt too wide) in paragraph at lines 12709--12712
[]\TU/lmr/m/n/10 Modify the previous function by including $\OML/lmm/m/it/10 ^^
S[]$ \TU/lmr/m/n/10 as an additional input and name it \TU/lmtt/m/n/10 log_labo
r_choice_error(k,
 []

[154]
Underfull \vbox (badness 7595) has occurred while \output is active []

[155] [156]
File: lecture_files/figure-latex/unnamed-chunk-54-1.pdf Graphic file (type pdf)

<use lecture_files/figure-latex/unnamed-chunk-54-1.pdf>

Underfull \vbox (badness 10000) has occurred while \output is active []

[157]
Underfull \vbox (badness 3623) has occurred while \output is active []

[158]
File: lecture_files/figure-latex/unnamed-chunk-61-1.pdf Graphic file (type pdf)

<use lecture_files/figure-latex/unnamed-chunk-61-1.pdf>
[159]
File: lecture_files/figure-latex/unnamed-chunk-61-2.pdf Graphic file (type pdf)

<use lecture_files/figure-latex/unnamed-chunk-61-2.pdf>
File: lecture_files/figure-latex/unnamed-chunk-61-3.pdf Graphic file (type pdf)

<use lecture_files/figure-latex/unnamed-chunk-61-3.pdf>

Underfull \vbox (badness 10000) has occurred while \output is active []

[160] [161] [162

]
Chapter 13.
[163] [164] [165] [166] [167] [168] [169] [170] [171]
File: lecture_files/figure-latex/unnamed-chunk-94-1.pdf Graphic file (type pdf)

<use lecture_files/figure-latex/unnamed-chunk-94-1.pdf>

Underfull \vbox (badness 10000) has occurred while \output is active []

[172]
File: lecture_files/figure-latex/unnamed-chunk-94-2.pdf Graphic file (type pdf)

<use lecture_files/figure-latex/unnamed-chunk-94-2.pdf>

Underfull \vbox (badness 10000) has occurred while \output is active []

[173]
File: lecture_files/figure-latex/unnamed-chunk-94-3.pdf Graphic file (type pdf)

<use lecture_files/figure-latex/unnamed-chunk-94-3.pdf>

Underfull \vbox (badness 10000) has occurred while \output is active []

[174]
File: lecture_files/figure-latex/unnamed-chunk-94-4.pdf Graphic file (type pdf)

<use lecture_files/figure-latex/unnamed-chunk-94-4.pdf>

Underfull \vbox (badness 10000) has occurred while \output is active []

[175]
File: lecture_files/figure-latex/unnamed-chunk-94-5.pdf Graphic file (type pdf)

<use lecture_files/figure-latex/unnamed-chunk-94-5.pdf>

Underfull \vbox (badness 10000) has occurred while \output is active []

[176]
File: lecture_files/figure-latex/unnamed-chunk-94-6.pdf Graphic file (type pdf)

<use lecture_files/figure-latex/unnamed-chunk-94-6.pdf>

Underfull \vbox (badness 10000) has occurred while \output is active []

[177]
File: lecture_files/figure-latex/unnamed-chunk-94-7.pdf Graphic file (type pdf)

<use lecture_files/figure-latex/unnamed-chunk-94-7.pdf>

Underfull \vbox (badness 10000) has occurred while \output is active []

[178]
File: lecture_files/figure-latex/unnamed-chunk-94-8.pdf Graphic file (type pdf)

<use lecture_files/figure-latex/unnamed-chunk-94-8.pdf>

Underfull \vbox (badness 10000) has occurred while \output is active []

[179]
File: lecture_files/figure-latex/unnamed-chunk-96-1.pdf Graphic file (type pdf)

<use lecture_files/figure-latex/unnamed-chunk-96-1.pdf>

Underfull \vbox (badness 10000) has occurred while \output is active []

[180]
File: lecture_files/figure-latex/unnamed-chunk-96-2.pdf Graphic file (type pdf)

<use lecture_files/figure-latex/unnamed-chunk-96-2.pdf>

Underfull \vbox (badness 10000) has occurred while \output is active []

[181]
File: lecture_files/figure-latex/unnamed-chunk-96-3.pdf Graphic file (type pdf)

<use lecture_files/figure-latex/unnamed-chunk-96-3.pdf>

Underfull \vbox (badness 10000) has occurred while \output is active []

[182]
File: lecture_files/figure-latex/unnamed-chunk-96-4.pdf Graphic file (type pdf)

<use lecture_files/figure-latex/unnamed-chunk-96-4.pdf>

Underfull \vbox (badness 10000) has occurred while \output is active []

[183]
File: lecture_files/figure-latex/unnamed-chunk-96-5.pdf Graphic file (type pdf)

<use lecture_files/figure-latex/unnamed-chunk-96-5.pdf>

Underfull \vbox (badness 10000) has occurred while \output is active []

[184]
File: lecture_files/figure-latex/unnamed-chunk-96-6.pdf Graphic file (type pdf)

<use lecture_files/figure-latex/unnamed-chunk-96-6.pdf>

Underfull \vbox (badness 10000) has occurred while \output is active []

[185]
File: lecture_files/figure-latex/unnamed-chunk-96-7.pdf Graphic file (type pdf)

<use lecture_files/figure-latex/unnamed-chunk-96-7.pdf>

Underfull \vbox (badness 10000) has occurred while \output is active []

[186]
File: lecture_files/figure-latex/unnamed-chunk-96-8.pdf Graphic file (type pdf)

<use lecture_files/figure-latex/unnamed-chunk-96-8.pdf>

Underfull \vbox (badness 10000) has occurred while \output is active []

[187] [188] [189] [190

]
Chapter 14.
[191] [192] [193] [194] [195] [196] [197] [198] [199] [200]
Underfull \hbox (badness 2556) in paragraph at lines 15033--15043
\TU/lmtt/m/n/10 compute_theta_linear(df_share_smooth, delta, mu, omega, Psi) \T
U/lmr/m/n/10 that returns the optimal
 []


Underfull \vbox (badness 10000) has occurred while \output is active []

[201] [202]
Underfull \hbox (badness 1540) in paragraph at lines 15167--15171
[]\TU/lmr/m/n/10 Write a function \TU/lmtt/m/n/10 GMM_objective_A4(theta_nonlin
ear, delta, df_share_smooth, Psi, X, M,
 []

File: lecture_files/figure-latex/unnamed-chunk-137-1.pdf Graphic file (type pdf
)
<use lecture_files/figure-latex/unnamed-chunk-137-1.pdf>

Underfull \vbox (badness 10000) has occurred while \output is active []

[203]
File: lecture_files/figure-latex/unnamed-chunk-137-2.pdf Graphic file (type pdf
)
<use lecture_files/figure-latex/unnamed-chunk-137-2.pdf>

Underfull \vbox (badness 10000) has occurred while \output is active []

[204]
File: lecture_files/figure-latex/unnamed-chunk-137-3.pdf Graphic file (type pdf
)
<use lecture_files/figure-latex/unnamed-chunk-137-3.pdf>

Underfull \vbox (badness 10000) has occurred while \output is active []

[205]
File: lecture_files/figure-latex/unnamed-chunk-137-4.pdf Graphic file (type pdf
)
<use lecture_files/figure-latex/unnamed-chunk-137-4.pdf>

Underfull \vbox (badness 10000) has occurred while \output is active []

[206]
File: lecture_files/figure-latex/unnamed-chunk-137-5.pdf Graphic file (type pdf
)
<use lecture_files/figure-latex/unnamed-chunk-137-5.pdf>

Underfull \vbox (badness 10000) has occurred while \output is active []

[207] [208]
Chapter 15.
[209

] [210] [211]
Underfull \hbox (badness 10000) in paragraph at lines 15553--15562
\TU/lmtt/m/n/10 M, V, beta, sigma, mu, omega)\TU/lmr/m/n/10 , and \TU/lmtt/m/n/
10 compute_share_smooth(X, M, V, beta, sigma, mu,
 []


Overfull \hbox (20.43625pt too wide) in paragraph at lines 15553--15562
\TU/lmtt/m/n/10 omega) \TU/lmr/m/n/10 to compute $\OML/lmm/m/it/10 s[]\OT1/lmr/
m/n/10 (\OML/lmm/m/it/10 p[]; x[]; ^^X[]\OT1/lmr/m/n/10 )$\TU/lmr/m/n/10 . On t
op of this, we need a function \TU/lmtt/m/n/10 compute_derivative_share_smooth(
X,
 []

[212]
Overfull \vbox (0.64421pt too high) detected at line 15696
 []

[213]
File: lecture_files/figure-latex/unnamed-chunk-154-1.pdf Graphic file (type pdf
)
<use lecture_files/figure-latex/unnamed-chunk-154-1.pdf>

Overfull \hbox (57.56898pt too wide) in paragraph at lines 15741--15747
[]\TU/lmr/m/n/10 (Optional) Translate \TU/lmtt/m/n/10 compute_indirect_utility\
TU/lmr/m/n/10 , \TU/lmtt/m/n/10 compute_choice_smooth\TU/lmr/m/n/10 , \TU/lmtt/
m/n/10 compute_derivative_share_smooth\TU/lmr/m/n/10 ,
 []

[214]
Underfull \hbox (badness 1540) in paragraph at lines 15850--15856
[]\TU/lmr/m/n/10 Write a function \TU/lmtt/m/n/10 compute_producer_surplus(p, m
arginal_cost, X, M, V, beta, sigma, mu,
 []

[215]
Overfull \vbox (1.08984pt too high) detected at line 15956
 []

[216] [217] [218

]
Chapter 16.
[219] [220]
Underfull \vbox (badness 10000) has occurred while \output is active []

[221] [222]
Underfull \vbox (badness 10000) has occurred while \output is active []

[223]
Underfull \vbox (badness 10000) detected at line 16373
 []


Underfull \vbox (badness 10000) has occurred while \output is active []

[224]
Underfull \hbox (badness 2343) in paragraph at lines 16446--16450
\TU/lmtt/m/n/10 compute_simultaneous_entry(X_m, Z_m, EP_m, NU_m, beta, alpha, d
elta) \TU/lmr/m/n/10 that returns the
 []


Underfull \hbox (badness 10000) in paragraph at lines 16470--16479
[]\TU/lmr/m/n/10 Write a function \TU/lmtt/m/n/10 compute_sequential_entry_acro
ss_markets(X, Z, EP, NU, beta, alpha,
 []

[225]
Underfull \hbox (badness 1540) in paragraph at lines 16529--16536
[]\TU/lmr/m/n/10 Write a function \TU/lmtt/m/n/10 compute_simultaneous_entry_ac
ross_markets(X, Z, EP, NU, beta, alpha,
 []


Underfull \vbox (badness 1057) has occurred while \output is active []

[226]
Overfull \hbox (78.45699pt too wide) in paragraph at lines 16637--16644
\TU/lmtt/m/n/10 delta, rho) \TU/lmr/m/n/10 that returns the Monte Carlo simulat
ion. Then, write function \TU/lmtt/m/n/10 compute_objective_sequential_entry(Y,

 []

[227] [228]
File: lecture_files/figure-latex/unnamed-chunk-178-1.pdf Graphic file (type pdf
)
<use lecture_files/figure-latex/unnamed-chunk-178-1.pdf>
File: lecture_files/figure-latex/unnamed-chunk-178-2.pdf Graphic file (type pdf
)
<use lecture_files/figure-latex/unnamed-chunk-178-2.pdf>

Underfull \vbox (badness 10000) has occurred while \output is active []

[229]
File: lecture_files/figure-latex/unnamed-chunk-178-3.pdf Graphic file (type pdf
)
<use lecture_files/figure-latex/unnamed-chunk-178-3.pdf>

Underfull \vbox (badness 10000) has occurred while \output is active []

[230]
File: lecture_files/figure-latex/unnamed-chunk-178-4.pdf Graphic file (type pdf
)
<use lecture_files/figure-latex/unnamed-chunk-178-4.pdf>

Underfull \vbox (badness 10000) has occurred while \output is active []

[231]
File: lecture_files/figure-latex/unnamed-chunk-178-5.pdf Graphic file (type pdf
)
<use lecture_files/figure-latex/unnamed-chunk-178-5.pdf>

Underfull \vbox (badness 10000) has occurred while \output is active []

[232]
File: lecture_files/figure-latex/unnamed-chunk-178-6.pdf Graphic file (type pdf
)
<use lecture_files/figure-latex/unnamed-chunk-178-6.pdf>

Underfull \vbox (badness 10000) has occurred while \output is active []

[233]
Overfull \vbox (0.20023pt too high) detected at line 16856
 []

[234]
File: lecture_files/figure-latex/unnamed-chunk-180-1.pdf Graphic file (type pdf
)
<use lecture_files/figure-latex/unnamed-chunk-180-1.pdf>
File: lecture_files/figure-latex/unnamed-chunk-180-2.pdf Graphic file (type pdf
)
<use lecture_files/figure-latex/unnamed-chunk-180-2.pdf>

Underfull \vbox (badness 10000) has occurred while \output is active []

[235]
File: lecture_files/figure-latex/unnamed-chunk-180-3.pdf Graphic file (type pdf
)
<use lecture_files/figure-latex/unnamed-chunk-180-3.pdf>

Underfull \vbox (badness 10000) has occurred while \output is active []

[236]
File: lecture_files/figure-latex/unnamed-chunk-180-4.pdf Graphic file (type pdf
)
<use lecture_files/figure-latex/unnamed-chunk-180-4.pdf>

Underfull \vbox (badness 10000) has occurred while \output is active []

[237]
File: lecture_files/figure-latex/unnamed-chunk-180-5.pdf Graphic file (type pdf
)
<use lecture_files/figure-latex/unnamed-chunk-180-5.pdf>

Underfull \vbox (badness 10000) has occurred while \output is active []

[238] [239] [240]
File: lecture_files/figure-latex/unnamed-chunk-187-1.pdf Graphic file (type pdf
)
<use lecture_files/figure-latex/unnamed-chunk-187-1.pdf>
File: lecture_files/figure-latex/unnamed-chunk-188-1.pdf Graphic file (type pdf
)
<use lecture_files/figure-latex/unnamed-chunk-188-1.pdf>
[241] [242]
Chapter 17.
[243

] [244] [245] [246] [247]
File: lecture_files/figure-latex/unnamed-chunk-199-1.pdf Graphic file (type pdf
)
<use lecture_files/figure-latex/unnamed-chunk-199-1.pdf>
[248]
File: lecture_files/figure-latex/unnamed-chunk-200-1.pdf Graphic file (type pdf
)
<use lecture_files/figure-latex/unnamed-chunk-200-1.pdf>

Underfull \vbox (badness 10000) has occurred while \output is active []

[249]
Overfull \hbox (20.07552pt too wide) in paragraph at lines 17599--17601
[]\TU/lmr/m/n/10 First, we estimate the parameters by a nested fixed-point algo
rithm. The loglikelihood for $\OMS/lmsy/m/n/10 f\OML/lmm/m/it/10 a[]; s[]\OMS/l
msy/m/n/10 g[]$
 []

File: lecture_files/figure-latex/unnamed-chunk-204-1.pdf Graphic file (type pdf
)
<use lecture_files/figure-latex/unnamed-chunk-204-1.pdf>
[250]
File: lecture_files/figure-latex/unnamed-chunk-204-2.pdf Graphic file (type pdf
)
<use lecture_files/figure-latex/unnamed-chunk-204-2.pdf>

Underfull \vbox (badness 10000) has occurred while \output is active []

[251]
File: lecture_files/figure-latex/unnamed-chunk-204-3.pdf Graphic file (type pdf
)
<use lecture_files/figure-latex/unnamed-chunk-204-3.pdf>

Underfull \vbox (badness 10000) has occurred while \output is active []

[252]
File: lecture_files/figure-latex/unnamed-chunk-204-4.pdf Graphic file (type pdf
)
<use lecture_files/figure-latex/unnamed-chunk-204-4.pdf>

Underfull \vbox (badness 10000) has occurred while \output is active []

[253]
Underfull \vbox (badness 1152) has occurred while \output is active []

[254] [255]
File: lecture_files/figure-latex/unnamed-chunk-210-1.pdf Graphic file (type pdf
)
<use lecture_files/figure-latex/unnamed-chunk-210-1.pdf>
File: lecture_files/figure-latex/unnamed-chunk-210-2.pdf Graphic file (type pdf
)
<use lecture_files/figure-latex/unnamed-chunk-210-2.pdf>

Underfull \vbox (badness 10000) has occurred while \output is active []

[256]
Underfull \vbox (badness 1152) has occurred while \output is active []

[257] [258]
Chapter 18.
[259

] [260] [261] [262] [263] [264] [265] [266] [267]
Underfull \hbox (badness 1540) in paragraph at lines 18803--18807
[]\TU/lmr/m/n/10 Write a function \TU/lmtt/m/n/10 simulate_dynamic_decision_acr
oss_firms(p_joint, l, G, N, T, M, S, A,
 []

[268]
File: lecture_files/figure-latex/unnamed-chunk-229-1.pdf Graphic file (type pdf
)
<use lecture_files/figure-latex/unnamed-chunk-229-1.pdf>
File: lecture_files/figure-latex/unnamed-chunk-230-1.pdf Graphic file (type pdf
)
<use lecture_files/figure-latex/unnamed-chunk-230-1.pdf>

Underfull \vbox (badness 10000) has occurred while \output is active []

[269] [270]
File: lecture_files/figure-latex/unnamed-chunk-236-1.pdf Graphic file (type pdf
)
<use lecture_files/figure-latex/unnamed-chunk-236-1.pdf>

Underfull \vbox (badness 10000) has occurred while \output is active []

[271]
File: lecture_files/figure-latex/unnamed-chunk-236-2.pdf Graphic file (type pdf
)
<use lecture_files/figure-latex/unnamed-chunk-236-2.pdf>

Underfull \vbox (badness 10000) has occurred while \output is active []

[272]
File: lecture_files/figure-latex/unnamed-chunk-236-3.pdf Graphic file (type pdf
)
<use lecture_files/figure-latex/unnamed-chunk-236-3.pdf>

Underfull \vbox (badness 10000) has occurred while \output is active []

[273] [274] [275] [276

]
Chapter 19.
[277]
File: lecture_files/figure-latex/unnamed-chunk-241-1.pdf Graphic file (type pdf
)
<use lecture_files/figure-latex/unnamed-chunk-241-1.pdf>
[278]
File: lecture_files/figure-latex/unnamed-chunk-242-1.pdf Graphic file (type pdf
)
<use lecture_files/figure-latex/unnamed-chunk-242-1.pdf>
[279]
File: lecture_files/figure-latex/unnamed-chunk-244-1.pdf Graphic file (type pdf
)
<use lecture_files/figure-latex/unnamed-chunk-244-1.pdf>

Underfull \vbox (badness 10000) has occurred while \output is active []

[280]
File: lecture_files/figure-latex/unnamed-chunk-245-1.pdf Graphic file (type pdf
)
<use lecture_files/figure-latex/unnamed-chunk-245-1.pdf>

Underfull \vbox (badness 6348) has occurred while \output is active []

[281] [282]
File: lecture_files/figure-latex/unnamed-chunk-250-1.pdf Graphic file (type pdf
)
<use lecture_files/figure-latex/unnamed-chunk-250-1.pdf>

Underfull \vbox (badness 10000) has occurred while \output is active []

[283]
File: lecture_files/figure-latex/unnamed-chunk-250-2.pdf Graphic file (type pdf
)
<use lecture_files/figure-latex/unnamed-chunk-250-2.pdf>

Underfull \vbox (badness 10000) has occurred while \output is active []

[284]
Underfull \vbox (badness 1052) has occurred while \output is active []

[285] [286]
File: lecture_files/figure-latex/unnamed-chunk-257-1.pdf Graphic file (type pdf
)
<use lecture_files/figure-latex/unnamed-chunk-257-1.pdf>

Underfull \vbox (badness 4647) has occurred while \output is active []

[287]
File: lecture_files/figure-latex/unnamed-chunk-257-2.pdf Graphic file (type pdf
)
<use lecture_files/figure-latex/unnamed-chunk-257-2.pdf>

Underfull \vbox (badness 10000) has occurred while \output is active []

[288]
Underfull \vbox (badness 1028) has occurred while \output is active []

[289]
File: lecture_files/figure-latex/unnamed-chunk-260-1.pdf Graphic file (type pdf
)
<use lecture_files/figure-latex/unnamed-chunk-260-1.pdf>
[290]
File: lecture_files/figure-latex/unnamed-chunk-260-2.pdf Graphic file (type pdf
)
<use lecture_files/figure-latex/unnamed-chunk-260-2.pdf>
[291]
File: lecture_files/figure-latex/unnamed-chunk-263-1.pdf Graphic file (type pdf
)
<use lecture_files/figure-latex/unnamed-chunk-263-1.pdf>

Underfull \vbox (badness 10000) has occurred while \output is active []

[292] [293] [294

]
Chapter 20.
[295] [296] [297] [298]
Underfull \hbox (badness 5802) in paragraph at lines 20581--20587
[]\TU/lmr/bx/n/10 Exercise\TU/lmr/m/n/10 : Write functions \TU/lmtt/m/n/10 pass
_integer_vector_to_rcpp\TU/lmr/m/n/10 , \TU/lmtt/m/n/10 pass_integer_matrix_to_
rcpp\TU/lmr/m/n/10 ,
 []

[299] [300] [301] [302] [303]
Overfull \hbox (24.227pt too wide) in paragraph at lines 21052--21058
[]\TU/lmr/m/n/10 As mentioned above, the best practice is to pass vectors and m
atrices to \TU/lmtt/m/n/10 Eigen::VectorXd\TU/lmr/m/n/10 /\TU/lmtt/m/n/10 Eigen
::VectorXi
 []

[304] [305] [306] [307] [308] [309] [310] (./lecture.bbl [311] [312

] [313] [314] [315] [316] [317] [318] [319])
Package atveryend Info: Empty hook `BeforeClearDocument' on input line 21695.
[320]
Package atveryend Info: Empty hook `AfterLastShipout' on input line 21695.
(./lecture.aux)
Package atveryend Info: Empty hook `AtVeryEndDocument' on input line 21695.
Package atveryend Info: Executing hook `AtEndAfterFileList' on input line 21695
.
Package rerunfilecheck Info: File `lecture.out' has not changed.
(rerunfilecheck)             Checksum: 8D6FE9410FDF271F4DC84D2451DCE048.
 ) 
Here is how much of TeX's memory you used:
 24107 strings out of 492970
 466333 string characters out of 6133939
 616174 words of memory out of 5000000
 27782 multiletter control sequences out of 15000+600000
 555067 words of font info for 72 fonts, out of 8000000 for 9000
 1348 hyphenation exceptions out of 8191
 45i,36n,68p,10448b,678s stack positions out of 5000i,500n,10000p,200000b,80000s

Output written on lecture.pdf (320 pages).
